[2020-09-07 13:49:13,933] - logger.py] - INFO: -------------start:search_songs----------
[2020-09-07 13:49:15,712] - logger.py] - INFO: 查询成功: -460
[2020-09-07 13:49:15,712] - logger.py] - INFO: -------------end:search_songs----------
[2020-09-07 13:49:15,727] - logger.py] - INFO: -------------start:search_songs02----------
[2020-09-07 13:49:17,490] - logger.py] - INFO: 查询成功: -460
[2020-09-07 13:49:17,506] - logger.py] - INFO: -------------end:search_songs----------
[2020-09-07 13:52:08,741] - logger.py] - INFO: -------------start:search_songs----------
[2020-09-07 13:52:10,394] - logger.py] - INFO: 查询成功: -460
[2020-09-07 13:52:10,394] - logger.py] - INFO: -------------end:search_songs----------
[2020-09-07 13:52:10,410] - logger.py] - INFO: -------------start:search_songs02----------
[2020-09-07 13:52:12,073] - logger.py] - INFO: 查询成功: -460
[2020-09-07 13:52:12,073] - logger.py] - INFO: -------------end:search_songs----------
[2020-09-07 13:52:46,886] - logger.py] - INFO: -------------start:new_songs----------
[2020-09-07 13:52:48,695] - logger.py] - INFO: -------------start:new_songs----------
[2020-09-07 13:56:04,222] - logger.py] - INFO: -------------start:new_songs----------
[2020-09-07 13:56:05,938] - logger.py] - INFO: -------------start:new_songs----------
[2020-09-07 13:57:59,140] - logger.py] - INFO: -------------start:new_songs----------
[2020-09-07 14:01:55,054] - logger.py] - INFO: -------------start:new_songs----------
[2020-09-07 14:01:58,314] - logger.py] - INFO: -------------start:new_songs----------
[2020-09-07 14:02:59,674] - logger.py] - INFO: -------------start:new_songs----------
[2020-09-07 14:03:01,374] - logger.py] - INFO: -------------end:new_songs----------
[2020-09-07 14:04:05,597] - logger.py] - INFO: -------------start:new_songs----------
[2020-09-07 14:04:07,250] - logger.py] - INFO: -------------end:new_songs----------
[2020-09-07 14:04:41,923] - logger.py] - INFO: -------------start:new_songs----------
[2020-09-07 14:04:44,123] - logger.py] - INFO: 查询新歌曲成功:{'code': 400, 'message': 'Failed to convert value of type \'java.lang.String\' to required type \'int\'; nested exception is java.lang.NumberFormatException: For input string: "%d"'}
[2020-09-07 14:04:44,123] - logger.py] - INFO: -------------end:new_songs----------
[2020-09-07 14:07:07,350] - logger.py] - INFO: -------------start:new_songs----------
[2020-09-07 14:07:07,474] - logger.py] - INFO: -------------start:new_songs----------
[2020-09-07 14:08:34,603] - logger.py] - INFO: -------------start:new_songs----------
[2020-09-07 14:08:36,210] - logger.py] - INFO: -------------start:new_songs----------
[2020-09-07 14:09:33,167] - logger.py] - INFO: -------------start:new_songs----------
[2020-09-07 14:09:33,385] - logger.py] - INFO: -------------start:new_songs----------
[2020-09-07 14:10:06,625] - logger.py] - INFO: -------------start:new_songs----------
[2020-09-07 14:10:08,310] - logger.py] - INFO: 查询新歌曲成功:{'code': 400, 'message': 'Failed to convert value of type \'java.lang.String\' to required type \'int\'; nested exception is java.lang.NumberFormatException: For input string: "%d"'}
[2020-09-07 14:10:08,310] - logger.py] - INFO: -------------end:new_songs----------
[2020-09-07 14:13:17,023] - logger.py] - INFO: -------------start:new_songs----------
[2020-09-07 14:13:18,474] - logger.py] - INFO: -------------start:new_songs----------
[2020-09-07 14:13:53,275] - logger.py] - INFO: -------------start:new_songs----------
[2020-09-07 14:13:53,728] - logger.py] - INFO: -------------end:new_songs----------
[2020-09-07 14:15:08,472] - logger.py] - INFO: -------------start:new_songs----------
[2020-09-07 14:15:13,138] - logger.py] - INFO: -------------end:new_songs----------
[2020-09-07 14:16:22,733] - logger.py] - INFO: -------------start:new_songs----------
[2020-09-07 14:16:23,092] - logger.py] - INFO: -------------end:new_songs----------
[2020-09-07 14:16:45,419] - logger.py] - INFO: -------------start:new_songs----------
[2020-09-07 14:16:47,182] - logger.py] - INFO: -------------end:new_songs----------
[2020-09-07 14:17:27,662] - logger.py] - INFO: -------------start:new_songs----------
[2020-09-07 14:17:27,974] - logger.py] - INFO: -------------end:new_songs----------
[2020-09-07 14:22:39,201] - logger.py] - INFO: -------------start:search_songs----------
[2020-09-07 14:22:41,806] - logger.py] - INFO: 查询成功: -460
[2020-09-07 14:22:41,806] - logger.py] - INFO: -------------end:search_songs----------
[2020-09-07 14:22:41,806] - logger.py] - INFO: -------------start:search_songs02----------
[2020-09-07 14:22:43,397] - logger.py] - INFO: 查询成功: -460
[2020-09-07 14:22:43,397] - logger.py] - INFO: -------------end:search_songs----------
[2020-09-07 14:23:12,624] - logger.py] - INFO: -------------start:search_songs----------
[2020-09-07 14:23:14,434] - logger.py] - INFO: -------------end:search_songs----------
[2020-09-07 14:23:14,449] - logger.py] - INFO: -------------start:search_songs02----------
[2020-09-07 14:23:16,243] - logger.py] - INFO: -------------end:search_songs----------
[2020-09-07 14:25:47,352] - logger.py] - INFO: -------------start:search_songs----------
[2020-09-07 14:25:49,443] - logger.py] - INFO: -------------end:search_songs----------
[2020-09-07 14:25:49,443] - logger.py] - INFO: -------------start:search_songs02----------
[2020-09-07 14:25:51,173] - logger.py] - INFO: -------------end:search_songs----------
[2020-09-07 14:26:54,777] - logger.py] - INFO: -------------start:search_songs----------
[2020-09-07 14:26:56,415] - logger.py] - INFO: -------------end:search_songs----------
[2020-09-07 14:26:56,431] - logger.py] - INFO: -------------start:search_songs02----------
[2020-09-07 14:26:58,038] - logger.py] - INFO: -------------end:search_songs----------
[2020-09-07 14:28:05,309] - logger.py] - INFO: -------------start:search_songs----------
[2020-09-07 14:28:07,276] - logger.py] - INFO: -------------end:search_songs----------
[2020-09-07 14:28:07,276] - logger.py] - INFO: -------------start:search_songs02----------
[2020-09-07 14:28:09,164] - logger.py] - INFO: -------------end:search_songs----------
