[2020-07-04 20:41:18,029] - logger.py] - INFO: -------------start----------
[2020-07-04 20:43:33,209] - logger.py] - INFO: -------------start----------
[2020-07-04 20:43:39,355] - logger.py] - INFO: -------------end----------
[2020-07-04 20:43:59,994] - logger.py] - INFO: -------------start----------
[2020-07-04 20:44:35,001] - logger.py] - INFO: -------------start----------
[2020-07-04 20:44:40,884] - logger.py] - INFO: 查询成功: 200
[2020-07-04 20:44:40,884] - logger.py] - INFO: -------------end----------
[2020-07-04 20:45:38,121] - logger.py] - INFO: -------------start----------
[2020-07-04 20:45:44,033] - logger.py] - INFO: 查询成功: 200
[2020-07-04 20:45:44,033] - logger.py] - INFO: -------------end----------
[2020-07-04 20:46:00,803] - logger.py] - INFO: -------------start----------
[2020-07-04 20:46:06,731] - logger.py] - INFO: 查询成功: 200
[2020-07-04 20:46:06,747] - logger.py] - INFO: -------------end----------
[2020-07-04 20:47:02,860] - logger.py] - INFO: -------------start----------
[2020-07-04 20:47:08,897] - logger.py] - INFO: 查询成功: 200
[2020-07-04 20:47:08,897] - logger.py] - INFO: -------------end----------
[2020-07-04 21:00:33,172] - logger.py] - INFO: -------------start:new_songs----------
[2020-07-04 21:01:21,288] - logger.py] - INFO: -------------start:new_songs----------
[2020-07-04 21:01:27,263] - logger.py] - INFO: -------------end:new_songs----------
[2020-07-04 21:03:24,811] - logger.py] - INFO: -------------start:new_songs----------
[2020-07-04 21:03:30,677] - logger.py] - INFO: 查询新歌曲成功:200
[2020-07-04 21:03:30,692] - logger.py] - INFO: -------------end:new_songs----------
[2020-07-04 21:06:38,335] - logger.py] - INFO: -------------start:new_songs----------
[2020-07-04 21:07:14,885] - logger.py] - INFO: -------------start:new_songs----------
[2020-07-04 21:09:53,575] - logger.py] - INFO: -------------start:new_songs----------
[2020-07-04 21:09:59,700] - logger.py] - INFO: -------------end:new_songs----------
[2020-07-04 21:10:47,324] - logger.py] - INFO: -------------start:new_songs----------
[2020-07-04 21:10:53,372] - logger.py] - INFO: 查询新歌曲成功:200
[2020-07-04 21:10:53,372] - logger.py] - INFO: -------------end:new_songs----------
[2020-07-04 21:11:47,340] - logger.py] - INFO: -------------start:select_detail----------
[2020-07-04 21:11:47,606] - logger.py] - INFO: 查询歌曲详情：200
[2020-07-04 21:11:47,606] - logger.py] - INFO: -------------end:select_detail----------
[2020-07-04 21:12:31,405] - logger.py] - INFO: -------------start:search_songs----------
[2020-07-04 21:12:37,420] - logger.py] - INFO: 查询成功: 200
[2020-07-04 21:12:37,436] - logger.py] - INFO: -------------end:search_songs----------
[2020-07-04 21:12:37,436] - logger.py] - INFO: -------------start:new_songs----------
[2020-07-04 21:12:43,468] - logger.py] - INFO: 查询新歌曲成功:200
[2020-07-04 21:12:43,468] - logger.py] - INFO: -------------end:new_songs----------
[2020-07-04 21:12:43,468] - logger.py] - INFO: -------------start:select_detail----------
[2020-07-04 21:12:43,764] - logger.py] - INFO: 查询歌曲详情：200
[2020-07-04 21:12:43,780] - logger.py] - INFO: -------------end:select_detail----------
[2020-07-04 22:24:46,964] - logger.py] - INFO: -------------start:new_songs----------
[2020-07-04 22:24:53,028] - logger.py] - INFO: 查询新歌曲成功:200
[2020-07-04 22:24:53,028] - logger.py] - INFO: -------------end:new_songs----------
[2020-07-04 22:25:25,369] - logger.py] - INFO: -------------start:new_songs----------
[2020-07-04 22:32:50,086] - logger.py] - INFO: -------------start:new_songs----------
[2020-07-04 22:34:04,134] - logger.py] - INFO: -------------start:new_songs----------
[2020-07-04 22:36:40,606] - logger.py] - INFO: -------------start:new_songs----------
[2020-07-04 22:38:11,859] - logger.py] - INFO: -------------start:new_songs----------
